srcs/main.c: OK!
srcs/signals.c: OK!
srcs/special_chars.c: OK!
srcs/built_ins/built_ins.c: OK!
srcs/built_ins/env.c: OK!
srcs/built_ins/export.c: OK!
srcs/built_ins/unset.c: OK!
srcs/geral_commands/child_process_tracker.c: OK!
srcs/geral_commands/command_executions.c: OK!
srcs/geral_commands/heredoc.c: OK!
srcs/geral_commands/piper.c: OK!
srcs/geral_commands/redirections.c: OK!
srcs/parser/ft_split_minishell.c: OK!
srcs/parser/ft_strjoin3.c: OK!
srcs/parser/ft_substr2.c: OK!
srcs/parser/its_what.c: OK!
srcs/parser/parser.c: OK!
srcs/parser/split_out_quotes.c: OK!
srcs/prompt/prompt.c: OK!
srcs/utils/utils.c: OK!
srcs/utils/utils2.c: OK!
srcs/utils/utils3.c: OK!
srcs/utils/utils4.c: OK!
srcs/utils/utils5.c: OK!
srcs/utils/utils6.c: OK!
srcs/utils/utils7.c: OK!
srcs/utils/utils8.c: OK!
libft/ft_append_to_array.c: OK!
libft/ft_append_to_array2.c: OK!
libft/ft_arraylen.c: OK!
libft/ft_atoi.c: OK!
libft/ft_bzero.c: OK!
libft/ft_calloc.c: OK!
libft/ft_fdprintf.c: OK!
libft/ft_fdprintf_utils.c: OK!
libft/ft_free_array.c: OK!
libft/ft_free_strstr.c: OK!
libft/ft_isalnum.c: OK!
libft/ft_isalpha.c: OK!
libft/ft_isascii.c: OK!
libft/ft_isdigit.c: OK!
libft/ft_isprint.c: OK!
libft/ft_isspace.c: OK!
libft/ft_itoa.c: OK!
libft/ft_lstadd_back.c: OK!
libft/ft_lstadd_front.c: OK!
libft/ft_lstclear.c: OK!
libft/ft_lstdelone.c: OK!
libft/ft_lstiter.c: OK!
libft/ft_lstlast.c: OK!
libft/ft_lstmap.c: OK!
libft/ft_lstnew.c: OK!
libft/ft_lstsize.c: OK!
libft/ft_memchr.c: OK!
libft/ft_memcmp.c: OK!
libft/ft_memcpy.c: OK!
libft/ft_memmove.c: OK!
libft/ft_memset.c: OK!
libft/ft_printf.c: OK!
libft/ft_printf_utils.c: OK!
libft/ft_printf_utils2.c: OK!
libft/ft_putchar_fd.c: OK!
libft/ft_putendl_fd.c: OK!
libft/ft_putnbr_fd.c: OK!
libft/ft_putstr_fd.c: OK!
libft/ft_realloc.c: OK!
libft/ft_rm_from_array.c: OK!
libft/ft_split.c: OK!
libft/ft_split2.c: OK!
libft/ft_strchr.c: OK!
libft/ft_strcmp.c: OK!
libft/ft_strcpy.c: OK!
libft/ft_strdup.c: OK!
libft/ft_striteri.c: OK!
libft/ft_strjoin.c: OK!
libft/ft_strjoin2.c: OK!
libft/ft_strlcat.c: OK!
libft/ft_strlcpy.c: OK!
libft/ft_strlen.c: OK!
libft/ft_strmapi.c: OK!
libft/ft_strncmp.c: OK!
libft/ft_strnstr.c: OK!
libft/ft_strrchr.c: OK!
libft/ft_strtrim.c: OK!
libft/ft_substr.c: OK!
libft/ft_substr2.c: OK!
libft/ft_swap.c: OK!
libft/ft_tolower.c: OK!
libft/ft_toupper.c: OK!
libft/get_next_line_bonus.c: OK!
libft/get_next_line_utils_bonus.c: OK!
libft/libft.h: OK!
